<?xml version="1.0" encoding="UTF-8"?>
<testsuite xmlns:xsi="http://www.w3.org/2001/XMLSchema-instance" xsi:noNamespaceSchemaLocation="https://maven.apache.org/surefire/maven-surefire-plugin/xsd/surefire-test-report-3.0.xsd" version="3.0" name="com.vichamalab.test.basic.ProductSuiteTest" time="5.392" tests="16" errors="0" skipped="0" failures="0">
  <properties>
[...]
</properties>
  <testcase name="Example #1.1" classname="Ejemplos" time="3.307">
    <system-out><![CDATA[
@Eliminar @Exito
Esquema del escenario: Eliminar un producto creado previamente con éxito      &amp#27;[90m# com/vichamalab/avanzado/Eliminar_producto.feature:17&amp#27;[0m
currentUrl: /api/v1/product/
  &amp#27;[32mDada &amp#27;[0m&amp#27;[32muna API válida con url &amp#27;[0m&amp#27;[32m&amp#27;[1m"/api/v1/product/"&amp#27;[0m&amp#27;[32m y formato &amp#27;[0m&amp#27;[32m&amp#27;[1m"application/json"&amp#27;[0m &amp#27;[90m# com.vichamalab.test.basic.StepDefinitions.una_api_válida_con_url_y_formato(java.lang.String,java.lang.String)&amp#27;[0m
  &amp#27;[32m* &amp#27;[0m&amp#27;[32my un producto valido previamente creado&amp#27;[0m                                   &amp#27;[90m# com.vichamalab.test.basic.StepDefinitions.y_un_producto_valido_previamente_creado()&amp#27;[0m
  &amp#27;[32mCuando &amp#27;[0m&amp#27;[32mse hace una petición &amp#27;[0m&amp#27;[32m&amp#27;[1m"DELETE"&amp#27;[0m&amp#27;[32m con el nombre &amp#27;[0m&amp#27;[32m&amp#27;[1m"Myphone 100"&amp#27;[0m            &amp#27;[90m# com.vichamalab.test.basic.StepDefinitions.se_hace_una_petición_con_el_nombre(java.lang.String,java.lang.String)&amp#27;[0m
  &amp#27;[32m* &amp#27;[0m&amp#27;[32my la descripción &amp#27;[0m&amp#27;[32m&amp#27;[1m"Un smartphone MyPhone"&amp#27;[0m                                  &amp#27;[90m# com.vichamalab.test.basic.StepDefinitions.y_la_descripción(java.lang.String)&amp#27;[0m
  &amp#27;[32m* &amp#27;[0m&amp#27;[32ma la API&amp#27;[0m                                                                  &amp#27;[90m# com.vichamalab.test.basic.StepDefinitions.a_la_api()&amp#27;[0m
Mensaje de error: 200
  &amp#27;[32mEntonces &amp#27;[0m&amp#27;[32mse recibe una respuesta &amp#27;[0m&amp#27;[32m&amp#27;[1m"exitosa"&amp#27;[0m&amp#27;[32m con código &amp#27;[0m&amp#27;[32m&amp#27;[1m200&amp#27;[0m                   &amp#27;[90m# com.vichamalab.test.basic.StepDefinitions.se_recibe_una_respuesta_de_error_con_código(java.lang.String,java.lang.Integer)&amp#27;[0m
  &amp#27;[32m* &amp#27;[0m&amp#27;[32my el mensaje &amp#27;[0m&amp#27;[32m&amp#27;[1m"El producto fue eliminado con éxito"&amp#27;[0m                        &amp#27;[90m# com.vichamalab.test.basic.StepDefinitions.y_el_mensaje(java.lang.String)&amp#27;[0m
]]></system-out>
  </testcase>
  <testcase name="Example #1.1" classname="Ejemplos" time="0.145">
    <system-out><![CDATA[
@Eliminar @Fallo
Esquema del escenario: Eliminar un producto con campos invalidos              &amp#27;[90m# com/vichamalab/avanzado/Eliminar_producto.feature:33&amp#27;[0m
currentUrl: /api/v1/product/
  &amp#27;[32mDada &amp#27;[0m&amp#27;[32muna API válida con url &amp#27;[0m&amp#27;[32m&amp#27;[1m"/api/v1/product/"&amp#27;[0m&amp#27;[32m y formato &amp#27;[0m&amp#27;[32m&amp#27;[1m"application/json"&amp#27;[0m &amp#27;[90m# com.vichamalab.test.basic.StepDefinitions.una_api_válida_con_url_y_formato(java.lang.String,java.lang.String)&amp#27;[0m
Mensaje orinal sku: null
Mensaje de body: {"sku":"372924d1-2218-435c-bc3d-f66e73312c26","status":true,"message":"El producto fue creado con éxito!"}
  &amp#27;[32m* &amp#27;[0m&amp#27;[32my un producto validado previamente creado &amp#27;[0m&amp#27;[32m&amp#27;[1m"123456"&amp#27;[0m                        &amp#27;[90m# com.vichamalab.test.basic.StepDefinitions.y_un_producto_validado_previamente_creado(java.lang.String)&amp#27;[0m
  &amp#27;[32mCuando &amp#27;[0m&amp#27;[32mse hace una petición &amp#27;[0m&amp#27;[32m&amp#27;[1m"DELETE"&amp#27;[0m&amp#27;[32m con el nombre &amp#27;[0m&amp#27;[32m&amp#27;[1m"Myphone 100"&amp#27;[0m            &amp#27;[90m# com.vichamalab.test.basic.StepDefinitions.se_hace_una_petición_con_el_nombre(java.lang.String,java.lang.String)&amp#27;[0m
  &amp#27;[32m* &amp#27;[0m&amp#27;[32my la descripción &amp#27;[0m&amp#27;[32m&amp#27;[1m"calidad"&amp#27;[0m                                                &amp#27;[90m# com.vichamalab.test.basic.StepDefinitions.y_la_descripción(java.lang.String)&amp#27;[0m
  &amp#27;[32m* &amp#27;[0m&amp#27;[32my el precio &amp#27;[0m&amp#27;[32m&amp#27;[1m1000&amp#27;[0m                                                          &amp#27;[90m# com.vichamalab.test.basic.StepDefinitions.y_el_precio(float)&amp#27;[0m
  &amp#27;[32m* &amp#27;[0m&amp#27;[32ma la API&amp#27;[0m                                                                  &amp#27;[90m# com.vichamalab.test.basic.StepDefinitions.a_la_api()&amp#27;[0m
Mensaje de error: 400
  &amp#27;[32mEntonces &amp#27;[0m&amp#27;[32mse recibe una respuesta &amp#27;[0m&amp#27;[32m&amp#27;[1m"de error"&amp#27;[0m&amp#27;[32m con código &amp#27;[0m&amp#27;[32m&amp#27;[1m400&amp#27;[0m                  &amp#27;[90m# com.vichamalab.test.basic.StepDefinitions.se_recibe_una_respuesta_de_error_con_código(java.lang.String,java.lang.Integer)&amp#27;[0m
  &amp#27;[32m* &amp#27;[0m&amp#27;[32my el mensaje &amp#27;[0m&amp#27;[32m&amp#27;[1m"El producto no fue encontrado"&amp#27;[0m                              &amp#27;[90m# com.vichamalab.test.basic.StepDefinitions.y_el_mensaje(java.lang.String)&amp#27;[0m
]]></system-out>
  </testcase>
  <testcase name="Example #1.1" classname="Ejemplos" time="0.212">
    <system-out><![CDATA[
@Actualizar @Exito
Esquema del escenario: Actualizar un producto creado previamente con éxito    &amp#27;[90m# com/vichamalab/avanzado/actualizar_producto.feature:19&amp#27;[0m
currentUrl: /api/v1/product/
  &amp#27;[32mDada &amp#27;[0m&amp#27;[32muna API válida con url &amp#27;[0m&amp#27;[32m&amp#27;[1m"/api/v1/product/"&amp#27;[0m&amp#27;[32m y formato &amp#27;[0m&amp#27;[32m&amp#27;[1m"application/json"&amp#27;[0m &amp#27;[90m# com.vichamalab.test.basic.StepDefinitions.una_api_válida_con_url_y_formato(java.lang.String,java.lang.String)&amp#27;[0m
  &amp#27;[32m* &amp#27;[0m&amp#27;[32my un producto valido previamente creado&amp#27;[0m                                   &amp#27;[90m# com.vichamalab.test.basic.StepDefinitions.y_un_producto_valido_previamente_creado()&amp#27;[0m
  &amp#27;[32mCuando &amp#27;[0m&amp#27;[32mse hace una petición &amp#27;[0m&amp#27;[32m&amp#27;[1m"PUT"&amp#27;[0m&amp#27;[32m con el nombre &amp#27;[0m&amp#27;[32m&amp#27;[1m"Myphone 18"&amp#27;[0m                &amp#27;[90m# com.vichamalab.test.basic.StepDefinitions.se_hace_una_petición_con_el_nombre(java.lang.String,java.lang.String)&amp#27;[0m
  &amp#27;[32m* &amp#27;[0m&amp#27;[32my la descripción &amp#27;[0m&amp#27;[32m&amp#27;[1m"Descripcion Actualizada"&amp#27;[0m                                &amp#27;[90m# com.vichamalab.test.basic.StepDefinitions.y_la_descripción(java.lang.String)&amp#27;[0m
  &amp#27;[32m* &amp#27;[0m&amp#27;[32my el precio &amp#27;[0m&amp#27;[32m&amp#27;[1m999&amp#27;[0m                                                           &amp#27;[90m# com.vichamalab.test.basic.StepDefinitions.y_el_precio(float)&amp#27;[0m
  &amp#27;[32m* &amp#27;[0m&amp#27;[32ma la API&amp#27;[0m                                                                  &amp#27;[90m# com.vichamalab.test.basic.StepDefinitions.a_la_api()&amp#27;[0m
Mensaje de error: 200
  &amp#27;[32mEntonces &amp#27;[0m&amp#27;[32mse recibe una respuesta &amp#27;[0m&amp#27;[32m&amp#27;[1m"exitosa"&amp#27;[0m&amp#27;[32m con código &amp#27;[0m&amp#27;[32m&amp#27;[1m200&amp#27;[0m                   &amp#27;[90m# com.vichamalab.test.basic.StepDefinitions.se_recibe_una_respuesta_de_error_con_código(java.lang.String,java.lang.Integer)&amp#27;[0m
  &amp#27;[32m* &amp#27;[0m&amp#27;[32my el mensaje &amp#27;[0m&amp#27;[32m&amp#27;[1m"El producto fue actualizado con éxito"&amp#27;[0m                      &amp#27;[90m# com.vichamalab.test.basic.StepDefinitions.y_el_mensaje(java.lang.String)&amp#27;[0m
  &amp#27;[32m* &amp#27;[0m&amp#27;[32mcon los campos actualizados correctamente&amp#27;[0m                                 &amp#27;[90m# com.vichamalab.test.basic.StepDefinitions.con_los_campos_actualizados_correctamente()&amp#27;[0m
]]></system-out>
  </testcase>
  <testcase name="Example #1.1" classname="Ejemplos" time="0.108">
    <system-out><![CDATA[
@Actualizar @Fallo
Esquema del escenario: Actualizar un producto con campos invalidos            &amp#27;[90m# com/vichamalab/avanzado/actualizar_producto.feature:35&amp#27;[0m
currentUrl: /api/v1/product/
  &amp#27;[32mDada &amp#27;[0m&amp#27;[32muna API válida con url &amp#27;[0m&amp#27;[32m&amp#27;[1m"/api/v1/product/"&amp#27;[0m&amp#27;[32m y formato &amp#27;[0m&amp#27;[32m&amp#27;[1m"application/json"&amp#27;[0m &amp#27;[90m# com.vichamalab.test.basic.StepDefinitions.una_api_válida_con_url_y_formato(java.lang.String,java.lang.String)&amp#27;[0m
  &amp#27;[32m* &amp#27;[0m&amp#27;[32my un producto valido previamente creado&amp#27;[0m                                   &amp#27;[90m# com.vichamalab.test.basic.StepDefinitions.y_un_producto_valido_previamente_creado()&amp#27;[0m
  &amp#27;[32mCuando &amp#27;[0m&amp#27;[32mse hace una petición &amp#27;[0m&amp#27;[32m&amp#27;[1m"PUT"&amp#27;[0m&amp#27;[32m con el nombre &amp#27;[0m&amp#27;[32m&amp#27;[1m""&amp#27;[0m                          &amp#27;[90m# com.vichamalab.test.basic.StepDefinitions.se_hace_una_petición_con_el_nombre(java.lang.String,java.lang.String)&amp#27;[0m
  &amp#27;[32m* &amp#27;[0m&amp#27;[32my la descripción &amp#27;[0m&amp#27;[32m&amp#27;[1m"Descripcion Actualizada"&amp#27;[0m                                &amp#27;[90m# com.vichamalab.test.basic.StepDefinitions.y_la_descripción(java.lang.String)&amp#27;[0m
  &amp#27;[32m* &amp#27;[0m&amp#27;[32my el precio &amp#27;[0m&amp#27;[32m&amp#27;[1m999&amp#27;[0m                                                           &amp#27;[90m# com.vichamalab.test.basic.StepDefinitions.y_el_precio(float)&amp#27;[0m
  &amp#27;[32m* &amp#27;[0m&amp#27;[32ma la API&amp#27;[0m                                                                  &amp#27;[90m# com.vichamalab.test.basic.StepDefinitions.a_la_api()&amp#27;[0m
Mensaje de error: 400
  &amp#27;[32mEntonces &amp#27;[0m&amp#27;[32mse recibe una respuesta &amp#27;[0m&amp#27;[32m&amp#27;[1m"de error"&amp#27;[0m&amp#27;[32m con código &amp#27;[0m&amp#27;[32m&amp#27;[1m400&amp#27;[0m                  &amp#27;[90m# com.vichamalab.test.basic.StepDefinitions.se_recibe_una_respuesta_de_error_con_código(java.lang.String,java.lang.Integer)&amp#27;[0m
  &amp#27;[32m* &amp#27;[0m&amp#27;[32my el mensaje &amp#27;[0m&amp#27;[32m&amp#27;[1m"El nuevo nombre no debe estar en blanco"&amp#27;[0m                    &amp#27;[90m# com.vichamalab.test.basic.StepDefinitions.y_el_mensaje(java.lang.String)&amp#27;[0m
]]></system-out>
  </testcase>
  <testcase name="Example #1.1" classname="Ejemplos" time="0.063">
    <system-out><![CDATA[
@Crear @Exito
Esquema del escenario: Crear un producto con éxito                            &amp#27;[90m# com/vichamalab/avanzado/crear_nuevo_producto.feature:17&amp#27;[0m
currentUrl: /api/v1/product/
  &amp#27;[32mDada &amp#27;[0m&amp#27;[32muna API válida con url &amp#27;[0m&amp#27;[32m&amp#27;[1m"/api/v1/product/"&amp#27;[0m&amp#27;[32m y formato &amp#27;[0m&amp#27;[32m&amp#27;[1m"application/json"&amp#27;[0m &amp#27;[90m# com.vichamalab.test.basic.StepDefinitions.una_api_válida_con_url_y_formato(java.lang.String,java.lang.String)&amp#27;[0m
  &amp#27;[32mCuando &amp#27;[0m&amp#27;[32mse hace una petición &amp#27;[0m&amp#27;[32m&amp#27;[1m"POST"&amp#27;[0m&amp#27;[32m con el nombre &amp#27;[0m&amp#27;[32m&amp#27;[1m"Myphone 11"&amp#27;[0m               &amp#27;[90m# com.vichamalab.test.basic.StepDefinitions.se_hace_una_petición_con_el_nombre(java.lang.String,java.lang.String)&amp#27;[0m
  &amp#27;[32m* &amp#27;[0m&amp#27;[32my la descripción &amp#27;[0m&amp#27;[32m&amp#27;[1m"Un smartphone MyPhone"&amp#27;[0m                                  &amp#27;[90m# com.vichamalab.test.basic.StepDefinitions.y_la_descripción(java.lang.String)&amp#27;[0m
  &amp#27;[32m* &amp#27;[0m&amp#27;[32my el precio &amp#27;[0m&amp#27;[32m&amp#27;[1m1100&amp#27;[0m                                                          &amp#27;[90m# com.vichamalab.test.basic.StepDefinitions.y_el_precio(float)&amp#27;[0m
  &amp#27;[32m* &amp#27;[0m&amp#27;[32ma la API&amp#27;[0m                                                                  &amp#27;[90m# com.vichamalab.test.basic.StepDefinitions.a_la_api()&amp#27;[0m
Mensaje de error: 201
  &amp#27;[32mEntonces &amp#27;[0m&amp#27;[32mse recibe una respuesta &amp#27;[0m&amp#27;[32m&amp#27;[1m"exitosa"&amp#27;[0m&amp#27;[32m con código &amp#27;[0m&amp#27;[32m&amp#27;[1m201&amp#27;[0m                   &amp#27;[90m# com.vichamalab.test.basic.StepDefinitions.se_recibe_una_respuesta_de_error_con_código(java.lang.String,java.lang.Integer)&amp#27;[0m
  &amp#27;[32m* &amp#27;[0m&amp#27;[32my el mensaje &amp#27;[0m&amp#27;[32m&amp#27;[1m"El producto fue creado con éxito!"&amp#27;[0m                          &amp#27;[90m# com.vichamalab.test.basic.StepDefinitions.y_el_mensaje(java.lang.String)&amp#27;[0m
]]></system-out>
  </testcase>
  <testcase name="Example #1.1" classname="Ejemplos" time="0.051">
    <system-out><![CDATA[
@Crear @Fallo
Esquema del escenario: Crear un producto con campos vacios                    &amp#27;[90m# com/vichamalab/avanzado/crear_nuevo_producto.feature:35&amp#27;[0m
currentUrl: /api/v1/product/
  &amp#27;[32mDada &amp#27;[0m&amp#27;[32muna API válida con url &amp#27;[0m&amp#27;[32m&amp#27;[1m"/api/v1/product/"&amp#27;[0m&amp#27;[32m y formato &amp#27;[0m&amp#27;[32m&amp#27;[1m"application/json"&amp#27;[0m &amp#27;[90m# com.vichamalab.test.basic.StepDefinitions.una_api_válida_con_url_y_formato(java.lang.String,java.lang.String)&amp#27;[0m
  &amp#27;[32mCuando &amp#27;[0m&amp#27;[32mse hace una petición &amp#27;[0m&amp#27;[32m&amp#27;[1m"POST"&amp#27;[0m&amp#27;[32m con el nombre &amp#27;[0m&amp#27;[32m&amp#27;[1m""&amp#27;[0m                         &amp#27;[90m# com.vichamalab.test.basic.StepDefinitions.se_hace_una_petición_con_el_nombre(java.lang.String,java.lang.String)&amp#27;[0m
  &amp#27;[32m* &amp#27;[0m&amp#27;[32my la descripción &amp#27;[0m&amp#27;[32m&amp#27;[1m"Un smartphone de la empresa MyPhone"&amp#27;[0m                    &amp#27;[90m# com.vichamalab.test.basic.StepDefinitions.y_la_descripción(java.lang.String)&amp#27;[0m
  &amp#27;[32m* &amp#27;[0m&amp#27;[32my el precio &amp#27;[0m&amp#27;[32m&amp#27;[1m1100&amp#27;[0m                                                          &amp#27;[90m# com.vichamalab.test.basic.StepDefinitions.y_el_precio(float)&amp#27;[0m
  &amp#27;[32m* &amp#27;[0m&amp#27;[32ma la API&amp#27;[0m                                                                  &amp#27;[90m# com.vichamalab.test.basic.StepDefinitions.a_la_api()&amp#27;[0m
Mensaje de error: 400
  &amp#27;[32mEntonces &amp#27;[0m&amp#27;[32mse recibe una respuesta &amp#27;[0m&amp#27;[32m&amp#27;[1m"de error"&amp#27;[0m&amp#27;[32m con código &amp#27;[0m&amp#27;[32m&amp#27;[1m400&amp#27;[0m                  &amp#27;[90m# com.vichamalab.test.basic.StepDefinitions.se_recibe_una_respuesta_de_error_con_código(java.lang.String,java.lang.Integer)&amp#27;[0m
  &amp#27;[32m* &amp#27;[0m&amp#27;[32my el mensaje &amp#27;[0m&amp#27;[32m&amp#27;[1m"El nombre del producto no fue proporcionado"&amp#27;[0m                &amp#27;[90m# com.vichamalab.test.basic.StepDefinitions.y_el_mensaje(java.lang.String)&amp#27;[0m
]]></system-out>
  </testcase>
  <testcase name="Example #1.1" classname="Ejemplos" time="0.098">
    <system-out><![CDATA[
@Obtener @Exito
Esquema del escenario: Obtener un producto creado previamente con éxito       &amp#27;[90m# com/vichamalab/avanzado/obtener_producto.feature:15&amp#27;[0m
currentUrl: /api/v1/product/
  &amp#27;[32mDada &amp#27;[0m&amp#27;[32muna API válida con url &amp#27;[0m&amp#27;[32m&amp#27;[1m"/api/v1/product/"&amp#27;[0m&amp#27;[32m y formato &amp#27;[0m&amp#27;[32m&amp#27;[1m"application/json"&amp#27;[0m &amp#27;[90m# com.vichamalab.test.basic.StepDefinitions.una_api_válida_con_url_y_formato(java.lang.String,java.lang.String)&amp#27;[0m
  &amp#27;[32m* &amp#27;[0m&amp#27;[32my un producto valido previamente creado&amp#27;[0m                                   &amp#27;[90m# com.vichamalab.test.basic.StepDefinitions.y_un_producto_valido_previamente_creado()&amp#27;[0m
  &amp#27;[32mCuando &amp#27;[0m&amp#27;[32mse hace una petición &amp#27;[0m&amp#27;[32m&amp#27;[1m"GET"&amp#27;[0m&amp#27;[32m a la API&amp#27;[0m                                  &amp#27;[90m# com.vichamalab.test.basic.StepDefinitions.se_hace_una_peticion(java.lang.String)&amp#27;[0m
Mensaje de error: 200
  &amp#27;[32mEntonces &amp#27;[0m&amp#27;[32mse recibe una respuesta &amp#27;[0m&amp#27;[32m&amp#27;[1m"exitosa"&amp#27;[0m&amp#27;[32m con código &amp#27;[0m&amp#27;[32m&amp#27;[1m200&amp#27;[0m                   &amp#27;[90m# com.vichamalab.test.basic.StepDefinitions.se_recibe_una_respuesta_de_error_con_código(java.lang.String,java.lang.Integer)&amp#27;[0m
  &amp#27;[32m* &amp#27;[0m&amp#27;[32my el mensaje &amp#27;[0m&amp#27;[32m&amp#27;[1m"El producto fue encontrado"&amp#27;[0m                                 &amp#27;[90m# com.vichamalab.test.basic.StepDefinitions.y_el_mensaje(java.lang.String)&amp#27;[0m
]]></system-out>
  </testcase>
  <testcase name="Example #1.1" classname="Ejemplos" time="0.036">
    <system-out><![CDATA[
@Obtener @Fallo
Esquema del escenario: No listar un producto                                  &amp#27;[90m# com/vichamalab/avanzado/obtener_producto.feature:28&amp#27;[0m
currentUrl: /api/v1/product/
  &amp#27;[32mDada &amp#27;[0m&amp#27;[32muna API válida con url &amp#27;[0m&amp#27;[32m&amp#27;[1m"/api/v1/product/"&amp#27;[0m&amp#27;[32m y formato &amp#27;[0m&amp#27;[32m&amp#27;[1m"application/json"&amp#27;[0m &amp#27;[90m# com.vichamalab.test.basic.StepDefinitions.una_api_válida_con_url_y_formato(java.lang.String,java.lang.String)&amp#27;[0m
  &amp#27;[32mCuando &amp#27;[0m&amp#27;[32mse hace una petición &amp#27;[0m&amp#27;[32m&amp#27;[1m"GET"&amp#27;[0m&amp#27;[32m con el sku &amp#27;[0m&amp#27;[32m&amp#27;[1m"qwert"&amp#27;[0m                        &amp#27;[90m# com.vichamalab.test.basic.StepDefinitions.se_hace_una_petición_con_el_sku(java.lang.String,java.lang.String)&amp#27;[0m
nombreEsperado: qwert
  &amp#27;[32m* &amp#27;[0m&amp#27;[32ma la API&amp#27;[0m                                                                  &amp#27;[90m# com.vichamalab.test.basic.StepDefinitions.a_la_api()&amp#27;[0m
Mensaje de error: 400
  &amp#27;[32mEntonces &amp#27;[0m&amp#27;[32mse recibe una respuesta &amp#27;[0m&amp#27;[32m&amp#27;[1m"de error"&amp#27;[0m&amp#27;[32m con código &amp#27;[0m&amp#27;[32m&amp#27;[1m400&amp#27;[0m                  &amp#27;[90m# com.vichamalab.test.basic.StepDefinitions.se_recibe_una_respuesta_de_error_con_código(java.lang.String,java.lang.Integer)&amp#27;[0m
]]></system-out>
  </testcase>
  <testcase name="Example #1.2" classname="Ejemplos" time="0.099">
    <system-out><![CDATA[
@Actualizar @Fallo
Esquema del escenario: Actualizar un producto con campos invalidos            &amp#27;[90m# com/vichamalab/avanzado/actualizar_producto.feature:36&amp#27;[0m
currentUrl: /api/v1/product/
  &amp#27;[32mDada &amp#27;[0m&amp#27;[32muna API válida con url &amp#27;[0m&amp#27;[32m&amp#27;[1m"/api/v1/product/"&amp#27;[0m&amp#27;[32m y formato &amp#27;[0m&amp#27;[32m&amp#27;[1m"application/json"&amp#27;[0m &amp#27;[90m# com.vichamalab.test.basic.StepDefinitions.una_api_válida_con_url_y_formato(java.lang.String,java.lang.String)&amp#27;[0m
  &amp#27;[32m* &amp#27;[0m&amp#27;[32my un producto valido previamente creado&amp#27;[0m                                   &amp#27;[90m# com.vichamalab.test.basic.StepDefinitions.y_un_producto_valido_previamente_creado()&amp#27;[0m
  &amp#27;[32mCuando &amp#27;[0m&amp#27;[32mse hace una petición &amp#27;[0m&amp#27;[32m&amp#27;[1m"PUT"&amp#27;[0m&amp#27;[32m con el nombre &amp#27;[0m&amp#27;[32m&amp#27;[1m"Myphone 12"&amp#27;[0m                &amp#27;[90m# com.vichamalab.test.basic.StepDefinitions.se_hace_una_petición_con_el_nombre(java.lang.String,java.lang.String)&amp#27;[0m
  &amp#27;[32m* &amp#27;[0m&amp#27;[32my la descripción &amp#27;[0m&amp#27;[32m&amp#27;[1m""&amp#27;[0m                                                       &amp#27;[90m# com.vichamalab.test.basic.StepDefinitions.y_la_descripción(java.lang.String)&amp#27;[0m
  &amp#27;[32m* &amp#27;[0m&amp#27;[32my el precio &amp#27;[0m&amp#27;[32m&amp#27;[1m999&amp#27;[0m                                                           &amp#27;[90m# com.vichamalab.test.basic.StepDefinitions.y_el_precio(float)&amp#27;[0m
  &amp#27;[32m* &amp#27;[0m&amp#27;[32ma la API&amp#27;[0m                                                                  &amp#27;[90m# com.vichamalab.test.basic.StepDefinitions.a_la_api()&amp#27;[0m
Mensaje de error: 400
  &amp#27;[32mEntonces &amp#27;[0m&amp#27;[32mse recibe una respuesta &amp#27;[0m&amp#27;[32m&amp#27;[1m"de error"&amp#27;[0m&amp#27;[32m con código &amp#27;[0m&amp#27;[32m&amp#27;[1m400&amp#27;[0m                  &amp#27;[90m# com.vichamalab.test.basic.StepDefinitions.se_recibe_una_respuesta_de_error_con_código(java.lang.String,java.lang.Integer)&amp#27;[0m
  &amp#27;[32m* &amp#27;[0m&amp#27;[32my el mensaje &amp#27;[0m&amp#27;[32m&amp#27;[1m"La nueva descripción no debe estar en blanco"&amp#27;[0m               &amp#27;[90m# com.vichamalab.test.basic.StepDefinitions.y_el_mensaje(java.lang.String)&amp#27;[0m
]]></system-out>
  </testcase>
  <testcase name="Example #1.2" classname="Ejemplos" time="0.058">
    <system-out><![CDATA[
@Crear @Exito
Esquema del escenario: Crear un producto con éxito                            &amp#27;[90m# com/vichamalab/avanzado/crear_nuevo_producto.feature:18&amp#27;[0m
currentUrl: /api/v1/product/
  &amp#27;[32mDada &amp#27;[0m&amp#27;[32muna API válida con url &amp#27;[0m&amp#27;[32m&amp#27;[1m"/api/v1/product/"&amp#27;[0m&amp#27;[32m y formato &amp#27;[0m&amp#27;[32m&amp#27;[1m"application/json"&amp#27;[0m &amp#27;[90m# com.vichamalab.test.basic.StepDefinitions.una_api_válida_con_url_y_formato(java.lang.String,java.lang.String)&amp#27;[0m
  &amp#27;[32mCuando &amp#27;[0m&amp#27;[32mse hace una petición &amp#27;[0m&amp#27;[32m&amp#27;[1m"POST"&amp#27;[0m&amp#27;[32m con el nombre &amp#27;[0m&amp#27;[32m&amp#27;[1m"Myphone 12"&amp#27;[0m               &amp#27;[90m# com.vichamalab.test.basic.StepDefinitions.se_hace_una_petición_con_el_nombre(java.lang.String,java.lang.String)&amp#27;[0m
  &amp#27;[32m* &amp#27;[0m&amp#27;[32my la descripción &amp#27;[0m&amp#27;[32m&amp#27;[1m"Un smartphone MyPhone"&amp#27;[0m                                  &amp#27;[90m# com.vichamalab.test.basic.StepDefinitions.y_la_descripción(java.lang.String)&amp#27;[0m
  &amp#27;[32m* &amp#27;[0m&amp#27;[32my el precio &amp#27;[0m&amp#27;[32m&amp#27;[1m1200&amp#27;[0m                                                          &amp#27;[90m# com.vichamalab.test.basic.StepDefinitions.y_el_precio(float)&amp#27;[0m
  &amp#27;[32m* &amp#27;[0m&amp#27;[32ma la API&amp#27;[0m                                                                  &amp#27;[90m# com.vichamalab.test.basic.StepDefinitions.a_la_api()&amp#27;[0m
Mensaje de error: 201
  &amp#27;[32mEntonces &amp#27;[0m&amp#27;[32mse recibe una respuesta &amp#27;[0m&amp#27;[32m&amp#27;[1m"exitosa"&amp#27;[0m&amp#27;[32m con código &amp#27;[0m&amp#27;[32m&amp#27;[1m201&amp#27;[0m                   &amp#27;[90m# com.vichamalab.test.basic.StepDefinitions.se_recibe_una_respuesta_de_error_con_código(java.lang.String,java.lang.Integer)&amp#27;[0m
  &amp#27;[32m* &amp#27;[0m&amp#27;[32my el mensaje &amp#27;[0m&amp#27;[32m&amp#27;[1m"El producto fue creado con éxito!"&amp#27;[0m                          &amp#27;[90m# com.vichamalab.test.basic.StepDefinitions.y_el_mensaje(java.lang.String)&amp#27;[0m
]]></system-out>
  </testcase>
  <testcase name="Example #1.2" classname="Ejemplos" time="0.049">
    <system-out><![CDATA[
@Crear @Fallo
Esquema del escenario: Crear un producto con campos vacios                    &amp#27;[90m# com/vichamalab/avanzado/crear_nuevo_producto.feature:36&amp#27;[0m
currentUrl: /api/v1/product/
  &amp#27;[32mDada &amp#27;[0m&amp#27;[32muna API válida con url &amp#27;[0m&amp#27;[32m&amp#27;[1m"/api/v1/product/"&amp#27;[0m&amp#27;[32m y formato &amp#27;[0m&amp#27;[32m&amp#27;[1m"application/json"&amp#27;[0m &amp#27;[90m# com.vichamalab.test.basic.StepDefinitions.una_api_válida_con_url_y_formato(java.lang.String,java.lang.String)&amp#27;[0m
  &amp#27;[32mCuando &amp#27;[0m&amp#27;[32mse hace una petición &amp#27;[0m&amp#27;[32m&amp#27;[1m"POST"&amp#27;[0m&amp#27;[32m con el nombre &amp#27;[0m&amp#27;[32m&amp#27;[1m"Myphone 12"&amp#27;[0m               &amp#27;[90m# com.vichamalab.test.basic.StepDefinitions.se_hace_una_petición_con_el_nombre(java.lang.String,java.lang.String)&amp#27;[0m
  &amp#27;[32m* &amp#27;[0m&amp#27;[32my la descripción &amp#27;[0m&amp#27;[32m&amp#27;[1m""&amp#27;[0m                                                       &amp#27;[90m# com.vichamalab.test.basic.StepDefinitions.y_la_descripción(java.lang.String)&amp#27;[0m
  &amp#27;[32m* &amp#27;[0m&amp#27;[32my el precio &amp#27;[0m&amp#27;[32m&amp#27;[1m1200&amp#27;[0m                                                          &amp#27;[90m# com.vichamalab.test.basic.StepDefinitions.y_el_precio(float)&amp#27;[0m
  &amp#27;[32m* &amp#27;[0m&amp#27;[32ma la API&amp#27;[0m                                                                  &amp#27;[90m# com.vichamalab.test.basic.StepDefinitions.a_la_api()&amp#27;[0m
Mensaje de error: 400
  &amp#27;[32mEntonces &amp#27;[0m&amp#27;[32mse recibe una respuesta &amp#27;[0m&amp#27;[32m&amp#27;[1m"de error"&amp#27;[0m&amp#27;[32m con código &amp#27;[0m&amp#27;[32m&amp#27;[1m400&amp#27;[0m                  &amp#27;[90m# com.vichamalab.test.basic.StepDefinitions.se_recibe_una_respuesta_de_error_con_código(java.lang.String,java.lang.Integer)&amp#27;[0m
  &amp#27;[32m* &amp#27;[0m&amp#27;[32my el mensaje &amp#27;[0m&amp#27;[32m&amp#27;[1m"La descripción del producto no fue proporcionada"&amp#27;[0m           &amp#27;[90m# com.vichamalab.test.basic.StepDefinitions.y_el_mensaje(java.lang.String)&amp#27;[0m
]]></system-out>
  </testcase>
  <testcase name="Example #1.3" classname="Ejemplos" time="0.105">
    <system-out><![CDATA[
@Actualizar @Fallo
Esquema del escenario: Actualizar un producto con campos invalidos            &amp#27;[90m# com/vichamalab/avanzado/actualizar_producto.feature:37&amp#27;[0m
currentUrl: /api/v1/product/
  &amp#27;[32mDada &amp#27;[0m&amp#27;[32muna API válida con url &amp#27;[0m&amp#27;[32m&amp#27;[1m"/api/v1/product/"&amp#27;[0m&amp#27;[32m y formato &amp#27;[0m&amp#27;[32m&amp#27;[1m"application/json"&amp#27;[0m &amp#27;[90m# com.vichamalab.test.basic.StepDefinitions.una_api_válida_con_url_y_formato(java.lang.String,java.lang.String)&amp#27;[0m
  &amp#27;[32m* &amp#27;[0m&amp#27;[32my un producto valido previamente creado&amp#27;[0m                                   &amp#27;[90m# com.vichamalab.test.basic.StepDefinitions.y_un_producto_valido_previamente_creado()&amp#27;[0m
  &amp#27;[32mCuando &amp#27;[0m&amp#27;[32mse hace una petición &amp#27;[0m&amp#27;[32m&amp#27;[1m"PUT"&amp#27;[0m&amp#27;[32m con el nombre &amp#27;[0m&amp#27;[32m&amp#27;[1m"Myphone 13"&amp#27;[0m                &amp#27;[90m# com.vichamalab.test.basic.StepDefinitions.se_hace_una_petición_con_el_nombre(java.lang.String,java.lang.String)&amp#27;[0m
  &amp#27;[32m* &amp#27;[0m&amp#27;[32my la descripción &amp#27;[0m&amp#27;[32m&amp#27;[1m"Descripcion Actualizada"&amp#27;[0m                                &amp#27;[90m# com.vichamalab.test.basic.StepDefinitions.y_la_descripción(java.lang.String)&amp#27;[0m
  &amp#27;[32m* &amp#27;[0m&amp#27;[32my el precio &amp#27;[0m&amp#27;[32m&amp#27;[1m0&amp#27;[0m                                                             &amp#27;[90m# com.vichamalab.test.basic.StepDefinitions.y_el_precio(float)&amp#27;[0m
  &amp#27;[32m* &amp#27;[0m&amp#27;[32ma la API&amp#27;[0m                                                                  &amp#27;[90m# com.vichamalab.test.basic.StepDefinitions.a_la_api()&amp#27;[0m
Mensaje de error: 400
  &amp#27;[32mEntonces &amp#27;[0m&amp#27;[32mse recibe una respuesta &amp#27;[0m&amp#27;[32m&amp#27;[1m"de error"&amp#27;[0m&amp#27;[32m con código &amp#27;[0m&amp#27;[32m&amp#27;[1m400&amp#27;[0m                  &amp#27;[90m# com.vichamalab.test.basic.StepDefinitions.se_recibe_una_respuesta_de_error_con_código(java.lang.String,java.lang.Integer)&amp#27;[0m
  &amp#27;[32m* &amp#27;[0m&amp#27;[32my el mensaje &amp#27;[0m&amp#27;[32m&amp#27;[1m"El nuevo precio debe ser mayor a cero"&amp#27;[0m                      &amp#27;[90m# com.vichamalab.test.basic.StepDefinitions.y_el_mensaje(java.lang.String)&amp#27;[0m
]]></system-out>
  </testcase>
  <testcase name="Example #1.3" classname="Ejemplos" time="0.068">
    <system-out><![CDATA[
@Crear @Exito
Esquema del escenario: Crear un producto con éxito                            &amp#27;[90m# com/vichamalab/avanzado/crear_nuevo_producto.feature:19&amp#27;[0m
currentUrl: /api/v1/product/
  &amp#27;[32mDada &amp#27;[0m&amp#27;[32muna API válida con url &amp#27;[0m&amp#27;[32m&amp#27;[1m"/api/v1/product/"&amp#27;[0m&amp#27;[32m y formato &amp#27;[0m&amp#27;[32m&amp#27;[1m"application/json"&amp#27;[0m &amp#27;[90m# com.vichamalab.test.basic.StepDefinitions.una_api_válida_con_url_y_formato(java.lang.String,java.lang.String)&amp#27;[0m
  &amp#27;[32mCuando &amp#27;[0m&amp#27;[32mse hace una petición &amp#27;[0m&amp#27;[32m&amp#27;[1m"POST"&amp#27;[0m&amp#27;[32m con el nombre &amp#27;[0m&amp#27;[32m&amp#27;[1m"Myphone 13"&amp#27;[0m               &amp#27;[90m# com.vichamalab.test.basic.StepDefinitions.se_hace_una_petición_con_el_nombre(java.lang.String,java.lang.String)&amp#27;[0m
  &amp#27;[32m* &amp#27;[0m&amp#27;[32my la descripción &amp#27;[0m&amp#27;[32m&amp#27;[1m"Un smartphone MyPhone"&amp#27;[0m                                  &amp#27;[90m# com.vichamalab.test.basic.StepDefinitions.y_la_descripción(java.lang.String)&amp#27;[0m
  &amp#27;[32m* &amp#27;[0m&amp#27;[32my el precio &amp#27;[0m&amp#27;[32m&amp#27;[1m1300&amp#27;[0m                                                          &amp#27;[90m# com.vichamalab.test.basic.StepDefinitions.y_el_precio(float)&amp#27;[0m
  &amp#27;[32m* &amp#27;[0m&amp#27;[32ma la API&amp#27;[0m                                                                  &amp#27;[90m# com.vichamalab.test.basic.StepDefinitions.a_la_api()&amp#27;[0m
Mensaje de error: 201
  &amp#27;[32mEntonces &amp#27;[0m&amp#27;[32mse recibe una respuesta &amp#27;[0m&amp#27;[32m&amp#27;[1m"exitosa"&amp#27;[0m&amp#27;[32m con código &amp#27;[0m&amp#27;[32m&amp#27;[1m201&amp#27;[0m                   &amp#27;[90m# com.vichamalab.test.basic.StepDefinitions.se_recibe_una_respuesta_de_error_con_código(java.lang.String,java.lang.Integer)&amp#27;[0m
  &amp#27;[32m* &amp#27;[0m&amp#27;[32my el mensaje &amp#27;[0m&amp#27;[32m&amp#27;[1m"El producto fue creado con éxito!"&amp#27;[0m                          &amp#27;[90m# com.vichamalab.test.basic.StepDefinitions.y_el_mensaje(java.lang.String)&amp#27;[0m
]]></system-out>
  </testcase>
  <testcase name="Example #1.3" classname="Ejemplos" time="0.049">
    <system-out><![CDATA[
@Crear @Fallo
Esquema del escenario: Crear un producto con campos vacios                    &amp#27;[90m# com/vichamalab/avanzado/crear_nuevo_producto.feature:37&amp#27;[0m
currentUrl: /api/v1/product/
  &amp#27;[32mDada &amp#27;[0m&amp#27;[32muna API válida con url &amp#27;[0m&amp#27;[32m&amp#27;[1m"/api/v1/product/"&amp#27;[0m&amp#27;[32m y formato &amp#27;[0m&amp#27;[32m&amp#27;[1m"application/json"&amp#27;[0m &amp#27;[90m# com.vichamalab.test.basic.StepDefinitions.una_api_válida_con_url_y_formato(java.lang.String,java.lang.String)&amp#27;[0m
  &amp#27;[32mCuando &amp#27;[0m&amp#27;[32mse hace una petición &amp#27;[0m&amp#27;[32m&amp#27;[1m"POST"&amp#27;[0m&amp#27;[32m con el nombre &amp#27;[0m&amp#27;[32m&amp#27;[1m"Myphone 13"&amp#27;[0m               &amp#27;[90m# com.vichamalab.test.basic.StepDefinitions.se_hace_una_petición_con_el_nombre(java.lang.String,java.lang.String)&amp#27;[0m
  &amp#27;[32m* &amp#27;[0m&amp#27;[32my la descripción &amp#27;[0m&amp#27;[32m&amp#27;[1m"Un smartphone de la empresa MyPhone"&amp#27;[0m                    &amp#27;[90m# com.vichamalab.test.basic.StepDefinitions.y_la_descripción(java.lang.String)&amp#27;[0m
  &amp#27;[32m* &amp#27;[0m&amp#27;[32my el precio &amp#27;[0m&amp#27;[32m&amp#27;[1m0&amp#27;[0m                                                             &amp#27;[90m# com.vichamalab.test.basic.StepDefinitions.y_el_precio(float)&amp#27;[0m
  &amp#27;[32m* &amp#27;[0m&amp#27;[32ma la API&amp#27;[0m                                                                  &amp#27;[90m# com.vichamalab.test.basic.StepDefinitions.a_la_api()&amp#27;[0m
Mensaje de error: 400
  &amp#27;[32mEntonces &amp#27;[0m&amp#27;[32mse recibe una respuesta &amp#27;[0m&amp#27;[32m&amp#27;[1m"de error"&amp#27;[0m&amp#27;[32m con código &amp#27;[0m&amp#27;[32m&amp#27;[1m400&amp#27;[0m                  &amp#27;[90m# com.vichamalab.test.basic.StepDefinitions.se_recibe_una_respuesta_de_error_con_código(java.lang.String,java.lang.Integer)&amp#27;[0m
  &amp#27;[32m* &amp#27;[0m&amp#27;[32my el mensaje &amp#27;[0m&amp#27;[32m&amp#27;[1m"El precio del producto no fue proporcionado"&amp#27;[0m                &amp#27;[90m# com.vichamalab.test.basic.StepDefinitions.y_el_mensaje(java.lang.String)&amp#27;[0m
]]></system-out>
  </testcase>
  <testcase name="Example #1.4" classname="Ejemplos" time="0.062">
    <system-out><![CDATA[
@Crear @Exito
Esquema del escenario: Crear un producto con éxito                            &amp#27;[90m# com/vichamalab/avanzado/crear_nuevo_producto.feature:20&amp#27;[0m
currentUrl: /api/v1/product/
  &amp#27;[32mDada &amp#27;[0m&amp#27;[32muna API válida con url &amp#27;[0m&amp#27;[32m&amp#27;[1m"/api/v1/product/"&amp#27;[0m&amp#27;[32m y formato &amp#27;[0m&amp#27;[32m&amp#27;[1m"application/json"&amp#27;[0m &amp#27;[90m# com.vichamalab.test.basic.StepDefinitions.una_api_válida_con_url_y_formato(java.lang.String,java.lang.String)&amp#27;[0m
  &amp#27;[32mCuando &amp#27;[0m&amp#27;[32mse hace una petición &amp#27;[0m&amp#27;[32m&amp#27;[1m"POST"&amp#27;[0m&amp#27;[32m con el nombre &amp#27;[0m&amp#27;[32m&amp#27;[1m"Myphone 14"&amp#27;[0m               &amp#27;[90m# com.vichamalab.test.basic.StepDefinitions.se_hace_una_petición_con_el_nombre(java.lang.String,java.lang.String)&amp#27;[0m
  &amp#27;[32m* &amp#27;[0m&amp#27;[32my la descripción &amp#27;[0m&amp#27;[32m&amp#27;[1m"Un smartphone MyPhone"&amp#27;[0m                                  &amp#27;[90m# com.vichamalab.test.basic.StepDefinitions.y_la_descripción(java.lang.String)&amp#27;[0m
  &amp#27;[32m* &amp#27;[0m&amp#27;[32my el precio &amp#27;[0m&amp#27;[32m&amp#27;[1m1400&amp#27;[0m                                                          &amp#27;[90m# com.vichamalab.test.basic.StepDefinitions.y_el_precio(float)&amp#27;[0m
  &amp#27;[32m* &amp#27;[0m&amp#27;[32ma la API&amp#27;[0m                                                                  &amp#27;[90m# com.vichamalab.test.basic.StepDefinitions.a_la_api()&amp#27;[0m
Mensaje de error: 201
  &amp#27;[32mEntonces &amp#27;[0m&amp#27;[32mse recibe una respuesta &amp#27;[0m&amp#27;[32m&amp#27;[1m"exitosa"&amp#27;[0m&amp#27;[32m con código &amp#27;[0m&amp#27;[32m&amp#27;[1m201&amp#27;[0m                   &amp#27;[90m# com.vichamalab.test.basic.StepDefinitions.se_recibe_una_respuesta_de_error_con_código(java.lang.String,java.lang.Integer)&amp#27;[0m
  &amp#27;[32m* &amp#27;[0m&amp#27;[32my el mensaje &amp#27;[0m&amp#27;[32m&amp#27;[1m"El producto fue creado con éxito!"&amp#27;[0m                          &amp#27;[90m# com.vichamalab.test.basic.StepDefinitions.y_el_mensaje(java.lang.String)&amp#27;[0m
]]></system-out>
  </testcase>
  <testcase name="Example #1.5" classname="Ejemplos" time="0.051">
    <system-out><![CDATA[
@Crear @Exito
Esquema del escenario: Crear un producto con éxito                            &amp#27;[90m# com/vichamalab/avanzado/crear_nuevo_producto.feature:21&amp#27;[0m
currentUrl: /api/v1/product/
  &amp#27;[32mDada &amp#27;[0m&amp#27;[32muna API válida con url &amp#27;[0m&amp#27;[32m&amp#27;[1m"/api/v1/product/"&amp#27;[0m&amp#27;[32m y formato &amp#27;[0m&amp#27;[32m&amp#27;[1m"application/json"&amp#27;[0m &amp#27;[90m# com.vichamalab.test.basic.StepDefinitions.una_api_válida_con_url_y_formato(java.lang.String,java.lang.String)&amp#27;[0m
  &amp#27;[32mCuando &amp#27;[0m&amp#27;[32mse hace una petición &amp#27;[0m&amp#27;[32m&amp#27;[1m"POST"&amp#27;[0m&amp#27;[32m con el nombre &amp#27;[0m&amp#27;[32m&amp#27;[1m"Myphone 15"&amp#27;[0m               &amp#27;[90m# com.vichamalab.test.basic.StepDefinitions.se_hace_una_petición_con_el_nombre(java.lang.String,java.lang.String)&amp#27;[0m
  &amp#27;[32m* &amp#27;[0m&amp#27;[32my la descripción &amp#27;[0m&amp#27;[32m&amp#27;[1m"Un smartphone MyPhone"&amp#27;[0m                                  &amp#27;[90m# com.vichamalab.test.basic.StepDefinitions.y_la_descripción(java.lang.String)&amp#27;[0m
  &amp#27;[32m* &amp#27;[0m&amp#27;[32my el precio &amp#27;[0m&amp#27;[32m&amp#27;[1m1500&amp#27;[0m                                                          &amp#27;[90m# com.vichamalab.test.basic.StepDefinitions.y_el_precio(float)&amp#27;[0m
  &amp#27;[32m* &amp#27;[0m&amp#27;[32ma la API&amp#27;[0m                                                                  &amp#27;[90m# com.vichamalab.test.basic.StepDefinitions.a_la_api()&amp#27;[0m
Mensaje de error: 201
  &amp#27;[32mEntonces &amp#27;[0m&amp#27;[32mse recibe una respuesta &amp#27;[0m&amp#27;[32m&amp#27;[1m"exitosa"&amp#27;[0m&amp#27;[32m con código &amp#27;[0m&amp#27;[32m&amp#27;[1m201&amp#27;[0m                   &amp#27;[90m# com.vichamalab.test.basic.StepDefinitions.se_recibe_una_respuesta_de_error_con_código(java.lang.String,java.lang.Integer)&amp#27;[0m
  &amp#27;[32m* &amp#27;[0m&amp#27;[32my el mensaje &amp#27;[0m&amp#27;[32m&amp#27;[1m"El producto fue creado con éxito!"&amp#27;[0m                          &amp#27;[90m# com.vichamalab.test.basic.StepDefinitions.y_el_mensaje(java.lang.String)&amp#27;[0m
]]></system-out>
  </testcase>
</testsuite>